# JRE version: OpenJDK Runtime Environment (11.0.5+10) (build 11.0.5+10-b520.30)
# Java VM: OpenJDK 64-Bit Server VM (11.0.5+10-b520.30, mixed mode, sharing, tiered, compressed oops, g1 gc, windows-amd64)
Heap:
 garbage-first heap   total 96256K, used 58278K [0x00000000a2000000, 0x0000000100000000)
  region size 1024K, 37 young (37888K), 5 survivors (5120K)
 Metaspace       used 60438K, capacity 62017K, committed 62288K, reserved 1107968K
  class space    used 8021K, capacity 8659K, committed 8704K, reserved 1048576K
GC Heap History (20 events):
Event: 14.927 GC heap before
{Heap before GC invocations=6 (full 0):
 garbage-first heap   total 96256K, used 48861K [0x00000000a2000000, 0x0000000100000000)
  region size 1024K, 40 young (40960K), 3 survivors (3072K)
 Metaspace       used 17999K, capacity 18612K, committed 18688K, reserved 1064960K
  class space    used 2312K, capacity 2538K, committed 2560K, reserved 1048576K
}
Event: 14.945 GC heap after
{Heap after GC invocations=7 (full 0):
 garbage-first heap   total 96256K, used 11962K [0x00000000a2000000, 0x0000000100000000)
  region size 1024K, 3 young (3072K), 3 survivors (3072K)
 Metaspace       used 17999K, capacity 18612K, committed 18688K, reserved 1064960K
  class space    used 2312K, capacity 2538K, committed 2560K, reserved 1048576K
}
Event: 16.221 GC heap before
{Heap before GC invocations=7 (full 0):
 garbage-first heap   total 96256K, used 54970K [0x00000000a2000000, 0x0000000100000000)
  region size 1024K, 46 young (47104K), 3 survivors (3072K)
 Metaspace       used 18874K, capacity 19448K, committed 19584K, reserved 1067008K
  class space    used 2408K, capacity 2646K, committed 2688K, reserved 1048576K
}
Event: 16.236 GC heap after
{Heap after GC invocations=8 (full 0):
 garbage-first heap   total 96256K, used 12587K [0x00000000a2000000, 0x0000000100000000)
  region size 1024K, 4 young (4096K), 4 survivors (4096K)
 Metaspace       used 18874K, capacity 19448K, committed 19584K, reserved 1067008K
  class space    used 2408K, capacity 2646K, committed 2688K, reserved 1048576K
}
Event: 20.371 GC heap before
{Heap before GC invocations=8 (full 0):
 garbage-first heap   total 96256K, used 38187K [0x00000000a2000000, 0x0000000100000000)
  region size 1024K, 30 young (30720K), 4 survivors (4096K)
 Metaspace       used 20491K, capacity 21145K, committed 21296K, reserved 1067008K
  class space    used 2601K, capacity 2862K, committed 2944K, reserved 1048576K
}
Event: 20.391 GC heap after
{Heap after GC invocations=9 (full 0):
 garbage-first heap   total 96256K, used 13684K [0x00000000a2000000, 0x0000000100000000)
  region size 1024K, 5 young (5120K), 5 survivors (5120K)
 Metaspace       used 20491K, capacity 21145K, committed 21296K, reserved 1067008K
  class space    used 2601K, capacity 2862K, committed 2944K, reserved 1048576K
}
Event: 30.657 GC heap before
{Heap before GC invocations=10 (full 0):
 garbage-first heap   total 96256K, used 61812K [0x00000000a2000000, 0x0000000100000000)
  region size 1024K, 52 young (53248K), 5 survivors (5120K)
 Metaspace       used 26730K, capacity 27622K, committed 27824K, reserved 1073152K
  class space    used 3474K, capacity 3834K, committed 3840K, reserved 1048576K
}
Event: 30.688 GC heap after
{Heap after GC invocations=11 (full 0):
 garbage-first heap   total 96256K, used 15916K [0x00000000a2000000, 0x0000000100000000)
  region size 1024K, 6 young (6144K), 6 survivors (6144K)
 Metaspace       used 26730K, capacity 27622K, committed 27824K, reserved 1073152K
  class space    used 3474K, capacity 3834K, committed 3840K, reserved 1048576K
}
Event: 35.003 GC heap before
{Heap before GC invocations=11 (full 0):
 garbage-first heap   total 96256K, used 66092K [0x00000000a2000000, 0x0000000100000000)
  region size 1024K, 56 young (57344K), 6 survivors (6144K)
 Metaspace       used 29077K, capacity 30021K, committed 30128K, reserved 1075200K
  class space    used 3716K, capacity 4078K, committed 4096K, reserved 1048576K
}
Event: 35.031 GC heap after
{Heap after GC invocations=12 (full 0):
 garbage-first heap   total 96256K, used 17177K [0x00000000a2000000, 0x0000000100000000)
  region size 1024K, 4 young (4096K), 4 survivors (4096K)
 Metaspace       used 29077K, capacity 30021K, committed 30128K, reserved 1075200K
  class space    used 3716K, capacity 4078K, committed 4096K, reserved 1048576K
}
Event: 38.603 GC heap before
{Heap before GC invocations=12 (full 0):
 garbage-first heap   total 96256K, used 58137K [0x00000000a2000000, 0x0000000100000000)
  region size 1024K, 45 young (46080K), 4 survivors (4096K)
 Metaspace       used 34790K, capacity 35760K, committed 35920K, reserved 1081344K
  class space    used 4601K, capacity 5031K, committed 5120K, reserved 1048576K
}
Event: 38.629 GC heap after
{Heap after GC invocations=13 (full 0):
 garbage-first heap   total 96256K, used 18201K [0x00000000a2000000, 0x0000000100000000)
  region size 1024K, 5 young (5120K), 5 survivors (5120K)
 Metaspace       used 34790K, capacity 35760K, committed 35920K, reserved 1081344K
  class space    used 4601K, capacity 5031K, committed 5120K, reserved 1048576K
}
Event: 40.633 GC heap before
{Heap before GC invocations=14 (full 0):
 garbage-first heap   total 96256K, used 36633K [0x00000000a2000000, 0x0000000100000000)
  region size 1024K, 24 young (24576K), 5 survivors (5120K)
 Metaspace       used 38531K, capacity 39563K, committed 39632K, reserved 1089536K
  class space    used 5086K, capacity 5488K, committed 5504K, reserved 1048576K
}
Event: 40.667 GC heap after
{Heap after GC invocations=15 (full 0):
 garbage-first heap   total 96256K, used 20910K [0x00000000a2000000, 0x0000000100000000)
  region size 1024K, 5 young (5120K), 5 survivors (5120K)
 Metaspace       used 38531K, capacity 39563K, committed 39632K, reserved 1089536K
  class space    used 5086K, capacity 5488K, committed 5504K, reserved 1048576K
}
Event: 45.673 GC heap before
{Heap before GC invocations=16 (full 0):
 garbage-first heap   total 96256K, used 59822K [0x00000000a2000000, 0x0000000100000000)
  region size 1024K, 43 young (44032K), 5 survivors (5120K)
 Metaspace       used 45384K, capacity 46438K, committed 46544K, reserved 1093632K
  class space    used 6094K, capacity 6515K, committed 6528K, reserved 1048576K
}
Event: 45.699 GC heap after
{Heap after GC invocations=17 (full 0):
 garbage-first heap   total 96256K, used 22387K [0x00000000a2000000, 0x0000000100000000)
  region size 1024K, 4 young (4096K), 4 survivors (4096K)
 Metaspace       used 45384K, capacity 46438K, committed 46544K, reserved 1093632K
  class space    used 6094K, capacity 6515K, committed 6528K, reserved 1048576K
}
Event: 51.355 GC heap before
{Heap before GC invocations=17 (full 0):
 garbage-first heap   total 96256K, used 62323K [0x00000000a2000000, 0x0000000100000000)
  region size 1024K, 43 young (44032K), 4 survivors (4096K)
 Metaspace       used 50420K, capacity 51672K, committed 51920K, reserved 1099776K
  class space    used 6745K, capacity 7249K, committed 7296K, reserved 1048576K
}
Event: 51.381 GC heap after
{Heap after GC invocations=18 (full 0):
 garbage-first heap   total 96256K, used 24855K [0x00000000a2000000, 0x0000000100000000)
  region size 1024K, 4 young (4096K), 4 survivors (4096K)
 Metaspace       used 50420K, capacity 51672K, committed 51920K, reserved 1099776K
  class space    used 6745K, capacity 7249K, committed 7296K, reserved 1048576K
}
Event: 54.486 GC heap before
{Heap before GC invocations=18 (full 0):
 garbage-first heap   total 96256K, used 64791K [0x00000000a2000000, 0x0000000100000000)
  region size 1024K, 43 young (44032K), 4 survivors (4096K)
 Metaspace       used 54250K, capacity 55696K, committed 55888K, reserved 1101824K
  class space    used 7277K, capacity 7853K, committed 7936K, reserved 1048576K
}
Event: 54.515 GC heap after
{Heap after GC invocations=19 (full 0):
 garbage-first heap   total 96256K, used 27558K [0x00000000a2000000, 0x0000000100000000)
  region size 1024K, 5 young (5120K), 5 survivors (5120K)
 Metaspace       used 54250K, capacity 55696K, committed 55888K, reserved 1101824K
  class space    used 7277K, capacity 7853K, committed 7936K, reserved 1048576K
}

