# JRE version: OpenJDK Runtime Environment (11.0.5+10) (build 11.0.5+10-b520.30)
# Java VM: OpenJDK 64-Bit Server VM (11.0.5+10-b520.30, mixed mode, sharing, tiered, compressed oops, g1 gc, windows-amd64)
Heap:
 garbage-first heap   total 117760K, used 65009K [0x00000000a2000000, 0x0000000100000000)
  region size 1024K, 56 young (57344K), 5 survivors (5120K)
 Metaspace       used 27153K, capacity 28101K, committed 28288K, reserved 1073152K
  class space    used 3525K, capacity 3908K, committed 3968K, reserved 1048576K
GC Heap History (18 events):
Event: 1.581 GC heap before
{Heap before GC invocations=0 (full 0):
 garbage-first heap   total 96256K, used 7168K [0x00000000a2000000, 0x0000000100000000)
  region size 1024K, 7 young (7168K), 0 survivors (0K)
 Metaspace       used 623K, capacity 4515K, committed 4864K, reserved 1056768K
  class space    used 46K, capacity 398K, committed 512K, reserved 1048576K
}
Event: 1.631 GC heap after
{Heap after GC invocations=1 (full 0):
 garbage-first heap   total 96256K, used 6320K [0x00000000a2000000, 0x0000000100000000)
  region size 1024K, 1 young (1024K), 1 survivors (1024K)
 Metaspace       used 623K, capacity 4515K, committed 4864K, reserved 1056768K
  class space    used 46K, capacity 398K, committed 512K, reserved 1048576K
}
Event: 2.265 GC heap before
{Heap before GC invocations=1 (full 0):
 garbage-first heap   total 96256K, used 9392K [0x00000000a2000000, 0x0000000100000000)
  region size 1024K, 4 young (4096K), 1 survivors (1024K)
 Metaspace       used 1167K, capacity 4763K, committed 4864K, reserved 1056768K
  class space    used 97K, capacity 438K, committed 512K, reserved 1048576K
}
Event: 2.271 GC heap after
{Heap after GC invocations=2 (full 0):
 garbage-first heap   total 96256K, used 7679K [0x00000000a2000000, 0x0000000100000000)
  region size 1024K, 1 young (1024K), 1 survivors (1024K)
 Metaspace       used 1167K, capacity 4763K, committed 4864K, reserved 1056768K
  class space    used 97K, capacity 438K, committed 512K, reserved 1048576K
}
Event: 3.957 GC heap before
{Heap before GC invocations=2 (full 0):
 garbage-first heap   total 96256K, used 15871K [0x00000000a2000000, 0x0000000100000000)
  region size 1024K, 9 young (9216K), 1 survivors (1024K)
 Metaspace       used 2974K, capacity 5630K, committed 5760K, reserved 1056768K
  class space    used 286K, capacity 557K, committed 640K, reserved 1048576K
}
Event: 3.964 GC heap after
{Heap after GC invocations=3 (full 0):
 garbage-first heap   total 96256K, used 8956K [0x00000000a2000000, 0x0000000100000000)
  region size 1024K, 2 young (2048K), 2 survivors (2048K)
 Metaspace       used 2974K, capacity 5630K, committed 5760K, reserved 1056768K
  class space    used 286K, capacity 557K, committed 640K, reserved 1048576K
}
Event: 5.111 GC heap before
{Heap before GC invocations=3 (full 0):
 garbage-first heap   total 96256K, used 20220K [0x00000000a2000000, 0x0000000100000000)
  region size 1024K, 13 young (13312K), 2 survivors (2048K)
 Metaspace       used 5254K, capacity 6987K, committed 7296K, reserved 1056768K
  class space    used 588K, capacity 804K, committed 896K, reserved 1048576K
}
Event: 5.127 GC heap after
{Heap after GC invocations=4 (full 0):
 garbage-first heap   total 96256K, used 9731K [0x00000000a2000000, 0x0000000100000000)
  region size 1024K, 1 young (1024K), 1 survivors (1024K)
 Metaspace       used 5254K, capacity 6987K, committed 7296K, reserved 1056768K
  class space    used 588K, capacity 804K, committed 896K, reserved 1048576K
}
Event: 6.984 GC heap before
{Heap before GC invocations=4 (full 0):
 garbage-first heap   total 96256K, used 26115K [0x00000000a2000000, 0x0000000100000000)
  region size 1024K, 18 young (18432K), 1 survivors (1024K)
 Metaspace       used 8559K, capacity 9347K, committed 9472K, reserved 1056768K
  class space    used 1034K, capacity 1169K, committed 1280K, reserved 1048576K
}
Event: 7.003 GC heap after
{Heap after GC invocations=5 (full 0):
 garbage-first heap   total 96256K, used 10499K [0x00000000a2000000, 0x0000000100000000)
  region size 1024K, 2 young (2048K), 2 survivors (2048K)
 Metaspace       used 8559K, capacity 9347K, committed 9472K, reserved 1056768K
  class space    used 1034K, capacity 1169K, committed 1280K, reserved 1048576K
}
Event: 9.911 GC heap before
{Heap before GC invocations=5 (full 0):
 garbage-first heap   total 96256K, used 37123K [0x00000000a2000000, 0x0000000100000000)
  region size 1024K, 28 young (28672K), 2 survivors (2048K)
 Metaspace       used 11724K, capacity 12270K, committed 12544K, reserved 1060864K
  class space    used 1548K, capacity 1723K, committed 1792K, reserved 1048576K
}
Event: 9.923 GC heap after
{Heap after GC invocations=6 (full 0):
 garbage-first heap   total 96256K, used 11248K [0x00000000a2000000, 0x0000000100000000)
  region size 1024K, 3 young (3072K), 3 survivors (3072K)
 Metaspace       used 11724K, capacity 12270K, committed 12544K, reserved 1060864K
  class space    used 1548K, capacity 1723K, committed 1792K, reserved 1048576K
}
Event: 15.412 GC heap before
{Heap before GC invocations=6 (full 0):
 garbage-first heap   total 96256K, used 51184K [0x00000000a2000000, 0x0000000100000000)
  region size 1024K, 42 young (43008K), 3 survivors (3072K)
 Metaspace       used 17876K, capacity 18482K, committed 18688K, reserved 1064960K
  class space    used 2299K, capacity 2536K, committed 2560K, reserved 1048576K
}
Event: 15.436 GC heap after
{Heap after GC invocations=7 (full 0):
 garbage-first heap   total 96256K, used 12409K [0x00000000a2000000, 0x0000000100000000)
  region size 1024K, 4 young (4096K), 4 survivors (4096K)
 Metaspace       used 17876K, capacity 18482K, committed 18688K, reserved 1064960K
  class space    used 2299K, capacity 2536K, committed 2560K, reserved 1048576K
}
Event: 17.439 GC heap before
{Heap before GC invocations=7 (full 0):
 garbage-first heap   total 96256K, used 64633K [0x00000000a2000000, 0x0000000100000000)
  region size 1024K, 56 young (57344K), 4 survivors (4096K)
 Metaspace       used 19305K, capacity 19918K, committed 20224K, reserved 1067008K
  class space    used 2447K, capacity 2693K, committed 2816K, reserved 1048576K
}
Event: 17.455 GC heap after
{Heap after GC invocations=8 (full 0):
 garbage-first heap   total 117760K, used 13346K [0x00000000a2000000, 0x0000000100000000)
  region size 1024K, 5 young (5120K), 5 survivors (5120K)
 Metaspace       used 19305K, capacity 19918K, committed 20224K, reserved 1067008K
  class space    used 2447K, capacity 2693K, committed 2816K, reserved 1048576K
}
Event: 18.602 GC heap before
{Heap before GC invocations=8 (full 0):
 garbage-first heap   total 117760K, used 30754K [0x00000000a2000000, 0x0000000100000000)
  region size 1024K, 23 young (23552K), 5 survivors (5120K)
 Metaspace       used 20325K, capacity 20994K, committed 21248K, reserved 1067008K
  class space    used 2567K, capacity 2810K, committed 2816K, reserved 1048576K
}
Event: 18.623 GC heap after
{Heap after GC invocations=9 (full 0):
 garbage-first heap   total 117760K, used 13809K [0x00000000a2000000, 0x0000000100000000)
  region size 1024K, 5 young (5120K), 5 survivors (5120K)
 Metaspace       used 20325K, capacity 20994K, committed 21248K, reserved 1067008K
  class space    used 2567K, capacity 2810K, committed 2816K, reserved 1048576K
}

