# JRE version: OpenJDK Runtime Environment (11.0.5+10) (build 11.0.5+10-b520.30)
# Java VM: OpenJDK 64-Bit Server VM (11.0.5+10-b520.30, mixed mode, sharing, tiered, compressed oops, g1 gc, windows-amd64)
Heap:
 garbage-first heap   total 96256K, used 47064K [0x00000000a2000000, 0x0000000100000000)
  region size 1024K, 26 young (26624K), 2 survivors (2048K)
 Metaspace       used 50500K, capacity 51780K, committed 51920K, reserved 1093632K
  class space    used 6749K, capacity 7282K, committed 7296K, reserved 1048576K
GC Heap History (20 events):
Event: 16.133 GC heap before
{Heap before GC invocations=5 (full 0):
 garbage-first heap   total 96256K, used 37830K [0x00000000a2000000, 0x0000000100000000)
  region size 1024K, 30 young (30720K), 2 survivors (2048K)
 Metaspace       used 12547K, capacity 12951K, committed 13184K, reserved 1060864K
  class space    used 1676K, capacity 1848K, committed 1920K, reserved 1048576K
}
Event: 16.144 GC heap after
{Heap after GC invocations=6 (full 0):
 garbage-first heap   total 96256K, used 11213K [0x00000000a2000000, 0x0000000100000000)
  region size 1024K, 3 young (3072K), 3 survivors (3072K)
 Metaspace       used 12547K, capacity 12951K, committed 13184K, reserved 1060864K
  class space    used 1676K, capacity 1848K, committed 1920K, reserved 1048576K
}
Event: 19.263 GC heap before
{Heap before GC invocations=6 (full 0):
 garbage-first heap   total 96256K, used 50125K [0x00000000a2000000, 0x0000000100000000)
  region size 1024K, 41 young (41984K), 3 survivors (3072K)
 Metaspace       used 18056K, capacity 18721K, committed 19072K, reserved 1064960K
  class space    used 2325K, capacity 2572K, committed 2688K, reserved 1048576K
}
Event: 19.279 GC heap after
{Heap after GC invocations=7 (full 0):
 garbage-first heap   total 96256K, used 12517K [0x00000000a2000000, 0x0000000100000000)
  region size 1024K, 4 young (4096K), 4 survivors (4096K)
 Metaspace       used 18056K, capacity 18721K, committed 19072K, reserved 1064960K
  class space    used 2325K, capacity 2572K, committed 2688K, reserved 1048576K
}
Event: 20.337 GC heap before
{Heap before GC invocations=7 (full 0):
 garbage-first heap   total 96256K, used 57573K [0x00000000a2000000, 0x0000000100000000)
  region size 1024K, 49 young (50176K), 4 survivors (4096K)
 Metaspace       used 19032K, capacity 19618K, committed 19840K, reserved 1067008K
  class space    used 2427K, capacity 2657K, committed 2688K, reserved 1048576K
}
Event: 20.354 GC heap after
{Heap after GC invocations=8 (full 0):
 garbage-first heap   total 96256K, used 12655K [0x00000000a2000000, 0x0000000100000000)
  region size 1024K, 4 young (4096K), 4 survivors (4096K)
 Metaspace       used 19032K, capacity 19618K, committed 19840K, reserved 1067008K
  class space    used 2427K, capacity 2657K, committed 2688K, reserved 1048576K
}
Event: 21.875 GC heap before
{Heap before GC invocations=8 (full 0):
 garbage-first heap   total 96256K, used 35183K [0x00000000a2000000, 0x0000000100000000)
  region size 1024K, 27 young (27648K), 4 survivors (4096K)
 Metaspace       used 20450K, capacity 21131K, committed 21296K, reserved 1067008K
  class space    used 2611K, capacity 2876K, committed 2944K, reserved 1048576K
}
Event: 21.896 GC heap after
{Heap after GC invocations=9 (full 0):
 garbage-first heap   total 96256K, used 13771K [0x00000000a2000000, 0x0000000100000000)
  region size 1024K, 5 young (5120K), 5 survivors (5120K)
 Metaspace       used 20450K, capacity 21131K, committed 21296K, reserved 1067008K
  class space    used 2611K, capacity 2876K, committed 2944K, reserved 1048576K
}
Event: 25.705 GC heap before
{Heap before GC invocations=10 (full 0):
 garbage-first heap   total 96256K, used 57803K [0x00000000a2000000, 0x0000000100000000)
  region size 1024K, 48 young (49152K), 5 survivors (5120K)
 Metaspace       used 26079K, capacity 26859K, committed 26928K, reserved 1073152K
  class space    used 3363K, capacity 3662K, committed 3712K, reserved 1048576K
}
Event: 25.731 GC heap after
{Heap after GC invocations=11 (full 0):
 garbage-first heap   total 96256K, used 16008K [0x00000000a2000000, 0x0000000100000000)
  region size 1024K, 5 young (5120K), 5 survivors (5120K)
 Metaspace       used 26079K, capacity 26859K, committed 26928K, reserved 1073152K
  class space    used 3363K, capacity 3662K, committed 3712K, reserved 1048576K
}
Event: 28.164 GC heap before
{Heap before GC invocations=11 (full 0):
 garbage-first heap   total 96256K, used 60040K [0x00000000a2000000, 0x0000000100000000)
  region size 1024K, 49 young (50176K), 5 survivors (5120K)
 Metaspace       used 29048K, capacity 29967K, committed 30128K, reserved 1075200K
  class space    used 3712K, capacity 4079K, committed 4096K, reserved 1048576K
}
Event: 28.188 GC heap after
{Heap after GC invocations=12 (full 0):
 garbage-first heap   total 96256K, used 17500K [0x00000000a2000000, 0x0000000100000000)
  region size 1024K, 5 young (5120K), 5 survivors (5120K)
 Metaspace       used 29048K, capacity 29967K, committed 30128K, reserved 1075200K
  class space    used 3712K, capacity 4079K, committed 4096K, reserved 1048576K
}
Event: 30.904 GC heap before
{Heap before GC invocations=12 (full 0):
 garbage-first heap   total 96256K, used 62556K [0x00000000a2000000, 0x0000000100000000)
  region size 1024K, 50 young (51200K), 5 survivors (5120K)
 Metaspace       used 33628K, capacity 34675K, committed 34992K, reserved 1079296K
  class space    used 4350K, capacity 4774K, committed 4864K, reserved 1048576K
}
Event: 30.929 GC heap after
{Heap after GC invocations=13 (full 0):
 garbage-first heap   total 96256K, used 18964K [0x00000000a2000000, 0x0000000100000000)
  region size 1024K, 3 young (3072K), 3 survivors (3072K)
 Metaspace       used 33628K, capacity 34675K, committed 34992K, reserved 1079296K
  class space    used 4350K, capacity 4774K, committed 4864K, reserved 1048576K
}
Event: 31.252 GC heap before
{Heap before GC invocations=13 (full 0):
 garbage-first heap   total 96256K, used 23060K [0x00000000a2000000, 0x0000000100000000)
  region size 1024K, 8 young (8192K), 3 survivors (3072K)
 Metaspace       used 34763K, capacity 35770K, committed 35920K, reserved 1081344K
  class space    used 4595K, capacity 5032K, committed 5120K, reserved 1048576K
}
Event: 31.265 GC heap after
{Heap after GC invocations=14 (full 0):
 garbage-first heap   total 96256K, used 18901K [0x00000000a2000000, 0x0000000100000000)
  region size 1024K, 3 young (3072K), 3 survivors (3072K)
 Metaspace       used 34763K, capacity 35770K, committed 35920K, reserved 1081344K
  class space    used 4595K, capacity 5032K, committed 5120K, reserved 1048576K
}
Event: 34.470 GC heap before
{Heap before GC invocations=15 (full 0):
 garbage-first heap   total 96256K, used 56789K [0x00000000a2000000, 0x0000000100000000)
  region size 1024K, 40 young (40960K), 3 survivors (3072K)
 Metaspace       used 41939K, capacity 42982K, committed 43216K, reserved 1087488K
  class space    used 5533K, capacity 5944K, committed 6016K, reserved 1048576K
}
Event: 34.500 GC heap after
{Heap after GC invocations=16 (full 0):
 garbage-first heap   total 96256K, used 22197K [0x00000000a2000000, 0x0000000100000000)
  region size 1024K, 5 young (5120K), 5 survivors (5120K)
 Metaspace       used 41939K, capacity 42982K, committed 43216K, reserved 1087488K
  class space    used 5533K, capacity 5944K, committed 6016K, reserved 1048576K
}
Event: 37.882 GC heap before
{Heap before GC invocations=16 (full 0):
 garbage-first heap   total 96256K, used 60085K [0x00000000a2000000, 0x0000000100000000)
  region size 1024K, 42 young (43008K), 5 survivors (5120K)
 Metaspace       used 48245K, capacity 49354K, committed 49488K, reserved 1091584K
  class space    used 6443K, capacity 6888K, committed 6912K, reserved 1048576K
}
Event: 37.912 GC heap after
{Heap after GC invocations=17 (full 0):
 garbage-first heap   total 96256K, used 23512K [0x00000000a2000000, 0x0000000100000000)
  region size 1024K, 2 young (2048K), 2 survivors (2048K)
 Metaspace       used 48245K, capacity 49354K, committed 49488K, reserved 1091584K
  class space    used 6443K, capacity 6888K, committed 6912K, reserved 1048576K
}

