# JRE version: OpenJDK Runtime Environment (11.0.5+10) (build 11.0.5+10-b520.30)
# Java VM: OpenJDK 64-Bit Server VM (11.0.5+10-b520.30, mixed mode, sharing, tiered, compressed oops, g1 gc, windows-amd64)
Heap:
 garbage-first heap   total 96256K, used 51196K [0x00000000a2000000, 0x0000000100000000)
  region size 1024K, 30 young (30720K), 4 survivors (4096K)
 Metaspace       used 55152K, capacity 56633K, committed 56876K, reserved 1097728K
  class space    used 7362K, capacity 7946K, committed 8064K, reserved 1048576K
GC Heap History (20 events):
Event: 41.679 GC heap before
{Heap before GC invocations=6 (full 0):
 garbage-first heap   total 96256K, used 50270K [0x00000000a2000000, 0x0000000100000000)
  region size 1024K, 42 young (43008K), 3 survivors (3072K)
 Metaspace       used 18263K, capacity 18859K, committed 19072K, reserved 1064960K
  class space    used 2337K, capacity 2575K, committed 2688K, reserved 1048576K
}
Event: 41.697 GC heap after
{Heap after GC invocations=7 (full 0):
 garbage-first heap   total 96256K, used 12435K [0x00000000a2000000, 0x0000000100000000)
  region size 1024K, 4 young (4096K), 4 survivors (4096K)
 Metaspace       used 18263K, capacity 18859K, committed 19072K, reserved 1064960K
  class space    used 2337K, capacity 2575K, committed 2688K, reserved 1048576K
}
Event: 44.561 GC heap before
{Heap before GC invocations=7 (full 0):
 garbage-first heap   total 96256K, used 56467K [0x00000000a2000000, 0x0000000100000000)
  region size 1024K, 48 young (49152K), 4 survivors (4096K)
 Metaspace       used 19821K, capacity 20414K, committed 20736K, reserved 1067008K
  class space    used 2501K, capacity 2745K, committed 2816K, reserved 1048576K
}
Event: 44.579 GC heap after
{Heap after GC invocations=8 (full 0):
 garbage-first heap   total 96256K, used 13206K [0x00000000a2000000, 0x0000000100000000)
  region size 1024K, 4 young (4096K), 4 survivors (4096K)
 Metaspace       used 19821K, capacity 20414K, committed 20736K, reserved 1067008K
  class space    used 2501K, capacity 2745K, committed 2816K, reserved 1048576K
}
Event: 45.035 GC heap before
{Heap before GC invocations=8 (full 0):
 garbage-first heap   total 96256K, used 19350K [0x00000000a2000000, 0x0000000100000000)
  region size 1024K, 11 young (11264K), 4 survivors (4096K)
 Metaspace       used 20318K, capacity 20990K, committed 21248K, reserved 1067008K
  class space    used 2566K, capacity 2808K, committed 2816K, reserved 1048576K
}
Event: 45.063 GC heap after
{Heap after GC invocations=9 (full 0):
 garbage-first heap   total 96256K, used 13581K [0x00000000a2000000, 0x0000000100000000)
  region size 1024K, 4 young (4096K), 4 survivors (4096K)
 Metaspace       used 20318K, capacity 20990K, committed 21248K, reserved 1067008K
  class space    used 2566K, capacity 2808K, committed 2816K, reserved 1048576K
}
Event: 49.705 GC heap before
{Heap before GC invocations=10 (full 0):
 garbage-first heap   total 96256K, used 58637K [0x00000000a2000000, 0x0000000100000000)
  region size 1024K, 48 young (49152K), 4 survivors (4096K)
 Metaspace       used 26144K, capacity 26937K, committed 27008K, reserved 1073152K
  class space    used 3353K, capacity 3689K, committed 3712K, reserved 1048576K
}
Event: 49.728 GC heap after
{Heap after GC invocations=11 (full 0):
 garbage-first heap   total 96256K, used 15712K [0x00000000a2000000, 0x0000000100000000)
  region size 1024K, 6 young (6144K), 6 survivors (6144K)
 Metaspace       used 26144K, capacity 26937K, committed 27008K, reserved 1073152K
  class space    used 3353K, capacity 3689K, committed 3712K, reserved 1048576K
}
Event: 51.876 GC heap before
{Heap before GC invocations=11 (full 0):
 garbage-first heap   total 96256K, used 60768K [0x00000000a2000000, 0x0000000100000000)
  region size 1024K, 51 young (52224K), 6 survivors (6144K)
 Metaspace       used 29112K, capacity 30029K, committed 30208K, reserved 1075200K
  class space    used 3714K, capacity 4078K, committed 4096K, reserved 1048576K
}
Event: 51.902 GC heap after
{Heap after GC invocations=12 (full 0):
 garbage-first heap   total 96256K, used 17406K [0x00000000a2000000, 0x0000000100000000)
  region size 1024K, 5 young (5120K), 5 survivors (5120K)
 Metaspace       used 29112K, capacity 30029K, committed 30208K, reserved 1075200K
  class space    used 3714K, capacity 4078K, committed 4096K, reserved 1048576K
}
Event: 54.977 GC heap before
{Heap before GC invocations=12 (full 0):
 garbage-first heap   total 96256K, used 63486K [0x00000000a2000000, 0x0000000100000000)
  region size 1024K, 51 young (52224K), 5 survivors (5120K)
 Metaspace       used 33832K, capacity 34802K, committed 35072K, reserved 1079296K
  class space    used 4385K, capacity 4773K, committed 4864K, reserved 1048576K
}
Event: 55.000 GC heap after
{Heap after GC invocations=13 (full 0):
 garbage-first heap   total 96256K, used 18653K [0x00000000a2000000, 0x0000000100000000)
  region size 1024K, 3 young (3072K), 3 survivors (3072K)
 Metaspace       used 33832K, capacity 34802K, committed 35072K, reserved 1079296K
  class space    used 4385K, capacity 4773K, committed 4864K, reserved 1048576K
}
Event: 55.227 GC heap before
{Heap before GC invocations=13 (full 0):
 garbage-first heap   total 96256K, used 20701K [0x00000000a2000000, 0x0000000100000000)
  region size 1024K, 6 young (6144K), 3 survivors (3072K)
 Metaspace       used 34552K, capacity 35506K, committed 35628K, reserved 1079296K
  class space    used 4550K, capacity 4965K, committed 4992K, reserved 1048576K
}
Event: 55.239 GC heap after
{Heap after GC invocations=14 (full 0):
 garbage-first heap   total 96256K, used 18699K [0x00000000a2000000, 0x0000000100000000)
  region size 1024K, 3 young (3072K), 3 survivors (3072K)
 Metaspace       used 34552K, capacity 35506K, committed 35628K, reserved 1079296K
  class space    used 4550K, capacity 4965K, committed 4992K, reserved 1048576K
}
Event: 64.412 GC heap before
{Heap before GC invocations=15 (full 0):
 garbage-first heap   total 96256K, used 58635K [0x00000000a2000000, 0x0000000100000000)
  region size 1024K, 42 young (43008K), 3 survivors (3072K)
 Metaspace       used 42007K, capacity 43047K, committed 43308K, reserved 1087488K
  class space    used 5535K, capacity 5944K, committed 6016K, reserved 1048576K
}
Event: 64.435 GC heap after
{Heap after GC invocations=16 (full 0):
 garbage-first heap   total 96256K, used 21894K [0x00000000a2000000, 0x0000000100000000)
  region size 1024K, 6 young (6144K), 6 survivors (6144K)
 Metaspace       used 42007K, capacity 43047K, committed 43308K, reserved 1087488K
  class space    used 5535K, capacity 5944K, committed 6016K, reserved 1048576K
}
Event: 72.458 GC heap before
{Heap before GC invocations=16 (full 0):
 garbage-first heap   total 96256K, used 61830K [0x00000000a2000000, 0x0000000100000000)
  region size 1024K, 45 young (46080K), 6 survivors (6144K)
 Metaspace       used 48316K, capacity 49419K, committed 49580K, reserved 1091584K
  class space    used 6443K, capacity 6888K, committed 6912K, reserved 1048576K
}
Event: 72.484 GC heap after
{Heap after GC invocations=17 (full 0):
 garbage-first heap   total 96256K, used 23669K [0x00000000a2000000, 0x0000000100000000)
  region size 1024K, 2 young (2048K), 2 survivors (2048K)
 Metaspace       used 48316K, capacity 49419K, committed 49580K, reserved 1091584K
  class space    used 6443K, capacity 6888K, committed 6912K, reserved 1048576K
}
Event: 76.499 GC heap before
{Heap before GC invocations=17 (full 0):
 garbage-first heap   total 96256K, used 64629K [0x00000000a2000000, 0x0000000100000000)
  region size 1024K, 42 young (43008K), 2 survivors (2048K)
 Metaspace       used 52378K, capacity 53702K, committed 53804K, reserved 1095680K
  class space    used 7005K, capacity 7535K, committed 7552K, reserved 1048576K
}
Event: 76.518 GC heap after
{Heap after GC invocations=18 (full 0):
 garbage-first heap   total 96256K, used 25596K [0x00000000a2000000, 0x0000000100000000)
  region size 1024K, 4 young (4096K), 4 survivors (4096K)
 Metaspace       used 52378K, capacity 53702K, committed 53804K, reserved 1095680K
  class space    used 7005K, capacity 7535K, committed 7552K, reserved 1048576K
}

